<?xml version="1.0" encoding="UTF-8"?>
<!-- Generated by org.testng.reporters.JUnitXMLReporter -->
<testsuite ignored="0" hostname="LAPTOP-QNMGACMU" failures="0" tests="5" name="Default test" time="39.062" errors="0" timestamp="2024-12-16T22:26:08 IST">
  <testcase classname="com.orangeHRM.testcases.AddUserPageTest" name="verifyAddUserUsername" time="3.092"/>
  <testcase classname="com.orangeHRM.testcases.AddUserPageTest" name="verifyAddUserUserRole" time="5.169"/>
  <testcase classname="com.orangeHRM.testcases.AddUserPageTest" name="veifyAddUserEMPname" time="5.112"/>
  <testcase classname="com.orangeHRM.testcases.AddUserPageTest" name="verifyAddUserStatus" time="5.183"/>
  <testcase classname="com.orangeHRM.testcases.AddUserPageTest" name="verifyPassword" time="5.268"/>
</testsuite> <!-- Default test -->
